Jun 05, 2020 2:05:42 PM com.redhat.quarkus.ls.QuarkusLanguageServer initialize
INFO: Initializing Quarkus server 0.0.4-20191120-1547 with /Applications/IntelliJ IDEA.app/Contents/jbr/Contents/Home
Jun 05, 2020 2:06:14 PM com.redhat.quarkus.services.QuarkusCompletions doComplete
SEVERE: In QuarkusCompletion, position error
com.redhat.quarkus.ls.commons.BadLocationException: The character value, {22} of the line3}, is out of bounds.
	at com.redhat.quarkus.ls.commons.TreeLineTracker.getOffsetAt(TreeLineTracker.java:1214)
	at com.redhat.quarkus.ls.commons.TextDocument.offsetAt(TextDocument.java:76)
	at com.redhat.quarkus.model.PropertiesModel.offsetAt(PropertiesModel.java:168)
	at com.redhat.quarkus.services.QuarkusCompletions.doComplete(QuarkusCompletions.java:76)
	at com.redhat.quarkus.services.QuarkusLanguageService.doComplete(QuarkusLanguageService.java:83)
	at com.redhat.quarkus.ls.QuarkusTextDocumentService.lambda$null$1(QuarkusTextDocumentService.java:144)
	at java.base/java.util.concurrent.CompletableFuture.biApply(CompletableFuture.java:1236)
	at java.base/java.util.concurrent.CompletableFuture$BiApply.tryFire(CompletableFuture.java:1205)
	at java.base/java.util.concurrent.CompletableFuture$Completion.exec(CompletableFuture.java:479)
	at java.base/java.util.concurrent.ForkJoinTask.doExec(ForkJoinTask.java:290)
	at java.base/java.util.concurrent.ForkJoinPool$WorkQueue.topLevelExec(ForkJoinPool.java:1020)
	at java.base/java.util.concurrent.ForkJoinPool.scan(ForkJoinPool.java:1656)
	at java.base/java.util.concurrent.ForkJoinPool.runWorker(ForkJoinPool.java:1594)
	at java.base/java.util.concurrent.ForkJoinWorkerThread.run(ForkJoinWorkerThread.java:177)

Jun 05, 2020 2:06:32 PM com.redhat.quarkus.services.QuarkusCompletions doComplete
SEVERE: In QuarkusCompletion, position error
com.redhat.quarkus.ls.commons.BadLocationException: The character value, {30} of the line6}, is out of bounds.
	at com.redhat.quarkus.ls.commons.TreeLineTracker.getOffsetAt(TreeLineTracker.java:1214)
	at com.redhat.quarkus.ls.commons.TextDocument.offsetAt(TextDocument.java:76)
	at com.redhat.quarkus.model.PropertiesModel.offsetAt(PropertiesModel.java:168)
	at com.redhat.quarkus.services.QuarkusCompletions.doComplete(QuarkusCompletions.java:76)
	at com.redhat.quarkus.services.QuarkusLanguageService.doComplete(QuarkusLanguageService.java:83)
	at com.redhat.quarkus.ls.QuarkusTextDocumentService.lambda$null$1(QuarkusTextDocumentService.java:144)
	at java.base/java.util.concurrent.CompletableFuture.biApply(CompletableFuture.java:1236)
	at java.base/java.util.concurrent.CompletableFuture$BiApply.tryFire(CompletableFuture.java:1205)
	at java.base/java.util.concurrent.CompletableFuture$Completion.exec(CompletableFuture.java:479)
	at java.base/java.util.concurrent.ForkJoinTask.doExec(ForkJoinTask.java:290)
	at java.base/java.util.concurrent.ForkJoinPool$WorkQueue.topLevelExec(ForkJoinPool.java:1020)
	at java.base/java.util.concurrent.ForkJoinPool.scan(ForkJoinPool.java:1656)
	at java.base/java.util.concurrent.ForkJoinPool.runWorker(ForkJoinPool.java:1594)
	at java.base/java.util.concurrent.ForkJoinWorkerThread.run(ForkJoinWorkerThread.java:177)

Jun 05, 2020 2:07:55 PM com.redhat.quarkus.services.QuarkusHover doHover
SEVERE: In QuarkusHover, position error
com.redhat.quarkus.ls.commons.BadLocationException
	at com.redhat.quarkus.ls.commons.TreeLineTracker.fail(TreeLineTracker.java:1072)
	at com.redhat.quarkus.ls.commons.TreeLineTracker.getLineInformation(TreeLineTracker.java:1257)
	at com.redhat.quarkus.ls.commons.TreeLineTracker.getOffsetAt(TreeLineTracker.java:1186)
	at com.redhat.quarkus.ls.commons.TextDocument.offsetAt(TextDocument.java:76)
	at com.redhat.quarkus.model.Node.findNodeAt(Node.java:202)
	at com.redhat.quarkus.services.QuarkusHover.doHover(QuarkusHover.java:59)
	at com.redhat.quarkus.services.QuarkusLanguageService.doHover(QuarkusLanguageService.java:98)
	at com.redhat.quarkus.ls.QuarkusTextDocumentService.lambda$null$3(QuarkusTextDocumentService.java:164)
	at java.base/java.util.concurrent.CompletableFuture.biApply(CompletableFuture.java:1236)
	at java.base/java.util.concurrent.CompletableFuture$BiApply.tryFire(CompletableFuture.java:1205)
	at java.base/java.util.concurrent.CompletableFuture$Completion.exec(CompletableFuture.java:479)
	at java.base/java.util.concurrent.ForkJoinTask.doExec(ForkJoinTask.java:290)
	at java.base/java.util.concurrent.ForkJoinPool$WorkQueue.topLevelExec(ForkJoinPool.java:1020)
	at java.base/java.util.concurrent.ForkJoinPool.scan(ForkJoinPool.java:1656)
	at java.base/java.util.concurrent.ForkJoinPool.runWorker(ForkJoinPool.java:1594)
	at java.base/java.util.concurrent.ForkJoinWorkerThread.run(ForkJoinWorkerThread.java:177)

Jun 05, 2020 2:07:55 PM com.redhat.quarkus.services.QuarkusHover doHover
SEVERE: In QuarkusHover, position error
com.redhat.quarkus.ls.commons.BadLocationException
	at com.redhat.quarkus.ls.commons.TreeLineTracker.fail(TreeLineTracker.java:1072)
	at com.redhat.quarkus.ls.commons.TreeLineTracker.getLineInformation(TreeLineTracker.java:1257)
	at com.redhat.quarkus.ls.commons.TreeLineTracker.getOffsetAt(TreeLineTracker.java:1186)
	at com.redhat.quarkus.ls.commons.TextDocument.offsetAt(TextDocument.java:76)
	at com.redhat.quarkus.model.Node.findNodeAt(Node.java:202)
	at com.redhat.quarkus.services.QuarkusHover.doHover(QuarkusHover.java:59)
	at com.redhat.quarkus.services.QuarkusLanguageService.doHover(QuarkusLanguageService.java:98)
	at com.redhat.quarkus.ls.QuarkusTextDocumentService.lambda$null$3(QuarkusTextDocumentService.java:164)
	at java.base/java.util.concurrent.CompletableFuture.biApply(CompletableFuture.java:1236)
	at java.base/java.util.concurrent.CompletableFuture$BiApply.tryFire(CompletableFuture.java:1205)
	at java.base/java.util.concurrent.CompletableFuture$Completion.exec(CompletableFuture.java:479)
	at java.base/java.util.concurrent.ForkJoinTask.doExec(ForkJoinTask.java:290)
	at java.base/java.util.concurrent.ForkJoinPool$WorkQueue.topLevelExec(ForkJoinPool.java:1020)
	at java.base/java.util.concurrent.ForkJoinPool.scan(ForkJoinPool.java:1656)
	at java.base/java.util.concurrent.ForkJoinPool.runWorker(ForkJoinPool.java:1594)
	at java.base/java.util.concurrent.ForkJoinWorkerThread.run(ForkJoinWorkerThread.java:177)

Jun 05, 2020 2:07:57 PM com.redhat.quarkus.services.QuarkusCompletions doComplete
SEVERE: In QuarkusCompletion, position error
com.redhat.quarkus.ls.commons.BadLocationException
	at com.redhat.quarkus.ls.commons.TreeLineTracker.fail(TreeLineTracker.java:1072)
	at com.redhat.quarkus.ls.commons.TreeLineTracker.getLineInformation(TreeLineTracker.java:1257)
	at com.redhat.quarkus.ls.commons.TreeLineTracker.getOffsetAt(TreeLineTracker.java:1186)
	at com.redhat.quarkus.ls.commons.TextDocument.offsetAt(TextDocument.java:76)
	at com.redhat.quarkus.model.PropertiesModel.offsetAt(PropertiesModel.java:168)
	at com.redhat.quarkus.services.QuarkusCompletions.doComplete(QuarkusCompletions.java:76)
	at com.redhat.quarkus.services.QuarkusLanguageService.doComplete(QuarkusLanguageService.java:83)
	at com.redhat.quarkus.ls.QuarkusTextDocumentService.lambda$null$1(QuarkusTextDocumentService.java:144)
	at java.base/java.util.concurrent.CompletableFuture.biApply(CompletableFuture.java:1236)
	at java.base/java.util.concurrent.CompletableFuture$BiApply.tryFire(CompletableFuture.java:1205)
	at java.base/java.util.concurrent.CompletableFuture$Completion.exec(CompletableFuture.java:479)
	at java.base/java.util.concurrent.ForkJoinTask.doExec(ForkJoinTask.java:290)
	at java.base/java.util.concurrent.ForkJoinPool$WorkQueue.topLevelExec(ForkJoinPool.java:1020)
	at java.base/java.util.concurrent.ForkJoinPool.scan(ForkJoinPool.java:1656)
	at java.base/java.util.concurrent.ForkJoinPool.runWorker(ForkJoinPool.java:1594)
	at java.base/java.util.concurrent.ForkJoinWorkerThread.run(ForkJoinWorkerThread.java:177)

Jun 05, 2020 2:07:57 PM com.redhat.quarkus.services.QuarkusCompletions doComplete
SEVERE: In QuarkusCompletion, position error
com.redhat.quarkus.ls.commons.BadLocationException
	at com.redhat.quarkus.ls.commons.TreeLineTracker.fail(TreeLineTracker.java:1072)
	at com.redhat.quarkus.ls.commons.TreeLineTracker.getLineInformation(TreeLineTracker.java:1257)
	at com.redhat.quarkus.ls.commons.TreeLineTracker.getOffsetAt(TreeLineTracker.java:1186)
	at com.redhat.quarkus.ls.commons.TextDocument.offsetAt(TextDocument.java:76)
	at com.redhat.quarkus.model.PropertiesModel.offsetAt(PropertiesModel.java:168)
	at com.redhat.quarkus.services.QuarkusCompletions.doComplete(QuarkusCompletions.java:76)
	at com.redhat.quarkus.services.QuarkusLanguageService.doComplete(QuarkusLanguageService.java:83)
	at com.redhat.quarkus.ls.QuarkusTextDocumentService.lambda$null$1(QuarkusTextDocumentService.java:144)
	at java.base/java.util.concurrent.CompletableFuture.biApply(CompletableFuture.java:1236)
	at java.base/java.util.concurrent.CompletableFuture$BiApply.tryFire(CompletableFuture.java:1205)
	at java.base/java.util.concurrent.CompletableFuture$Completion.exec(CompletableFuture.java:479)
	at java.base/java.util.concurrent.ForkJoinTask.doExec(ForkJoinTask.java:290)
	at java.base/java.util.concurrent.ForkJoinPool$WorkQueue.topLevelExec(ForkJoinPool.java:1020)
	at java.base/java.util.concurrent.ForkJoinPool.scan(ForkJoinPool.java:1656)
	at java.base/java.util.concurrent.ForkJoinPool.runWorker(ForkJoinPool.java:1594)
	at java.base/java.util.concurrent.ForkJoinWorkerThread.run(ForkJoinWorkerThread.java:177)

Jun 05, 2020 2:07:57 PM com.redhat.quarkus.services.QuarkusCompletions doComplete
SEVERE: In QuarkusCompletion, position error
com.redhat.quarkus.ls.commons.BadLocationException
	at com.redhat.quarkus.ls.commons.TreeLineTracker.fail(TreeLineTracker.java:1072)
	at com.redhat.quarkus.ls.commons.TreeLineTracker.getLineInformation(TreeLineTracker.java:1257)
	at com.redhat.quarkus.ls.commons.TreeLineTracker.getOffsetAt(TreeLineTracker.java:1186)
	at com.redhat.quarkus.ls.commons.TextDocument.offsetAt(TextDocument.java:76)
	at com.redhat.quarkus.model.PropertiesModel.offsetAt(PropertiesModel.java:168)
	at com.redhat.quarkus.services.QuarkusCompletions.doComplete(QuarkusCompletions.java:76)
	at com.redhat.quarkus.services.QuarkusLanguageService.doComplete(QuarkusLanguageService.java:83)
	at com.redhat.quarkus.ls.QuarkusTextDocumentService.lambda$null$1(QuarkusTextDocumentService.java:144)
	at java.base/java.util.concurrent.CompletableFuture.biApply(CompletableFuture.java:1236)
	at java.base/java.util.concurrent.CompletableFuture$BiApply.tryFire(CompletableFuture.java:1205)
	at java.base/java.util.concurrent.CompletableFuture$Completion.exec(CompletableFuture.java:479)
	at java.base/java.util.concurrent.ForkJoinTask.doExec(ForkJoinTask.java:290)
	at java.base/java.util.concurrent.ForkJoinPool$WorkQueue.topLevelExec(ForkJoinPool.java:1020)
	at java.base/java.util.concurrent.ForkJoinPool.scan(ForkJoinPool.java:1656)
	at java.base/java.util.concurrent.ForkJoinPool.runWorker(ForkJoinPool.java:1594)
	at java.base/java.util.concurrent.ForkJoinWorkerThread.run(ForkJoinWorkerThread.java:177)

Jun 05, 2020 2:07:57 PM com.redhat.quarkus.services.QuarkusCompletions doComplete
SEVERE: In QuarkusCompletion, position error
com.redhat.quarkus.ls.commons.BadLocationException
	at com.redhat.quarkus.ls.commons.TreeLineTracker.fail(TreeLineTracker.java:1072)
	at com.redhat.quarkus.ls.commons.TreeLineTracker.getLineInformation(TreeLineTracker.java:1257)
	at com.redhat.quarkus.ls.commons.TreeLineTracker.getOffsetAt(TreeLineTracker.java:1186)
	at com.redhat.quarkus.ls.commons.TextDocument.offsetAt(TextDocument.java:76)
	at com.redhat.quarkus.model.PropertiesModel.offsetAt(PropertiesModel.java:168)
	at com.redhat.quarkus.services.QuarkusCompletions.doComplete(QuarkusCompletions.java:76)
	at com.redhat.quarkus.services.QuarkusLanguageService.doComplete(QuarkusLanguageService.java:83)
	at com.redhat.quarkus.ls.QuarkusTextDocumentService.lambda$null$1(QuarkusTextDocumentService.java:144)
	at java.base/java.util.concurrent.CompletableFuture.biApply(CompletableFuture.java:1236)
	at java.base/java.util.concurrent.CompletableFuture$BiApply.tryFire(CompletableFuture.java:1205)
	at java.base/java.util.concurrent.CompletableFuture$Completion.exec(CompletableFuture.java:479)
	at java.base/java.util.concurrent.ForkJoinTask.doExec(ForkJoinTask.java:290)
	at java.base/java.util.concurrent.ForkJoinPool$WorkQueue.topLevelExec(ForkJoinPool.java:1020)
	at java.base/java.util.concurrent.ForkJoinPool.scan(ForkJoinPool.java:1656)
	at java.base/java.util.concurrent.ForkJoinPool.runWorker(ForkJoinPool.java:1594)
	at java.base/java.util.concurrent.ForkJoinWorkerThread.run(ForkJoinWorkerThread.java:177)

Jun 05, 2020 2:07:58 PM com.redhat.quarkus.services.QuarkusCompletions doComplete
SEVERE: In QuarkusCompletion, position error
com.redhat.quarkus.ls.commons.BadLocationException
	at com.redhat.quarkus.ls.commons.TreeLineTracker.fail(TreeLineTracker.java:1072)
	at com.redhat.quarkus.ls.commons.TreeLineTracker.getLineInformation(TreeLineTracker.java:1257)
	at com.redhat.quarkus.ls.commons.TreeLineTracker.getOffsetAt(TreeLineTracker.java:1186)
	at com.redhat.quarkus.ls.commons.TextDocument.offsetAt(TextDocument.java:76)
	at com.redhat.quarkus.model.PropertiesModel.offsetAt(PropertiesModel.java:168)
	at com.redhat.quarkus.services.QuarkusCompletions.doComplete(QuarkusCompletions.java:76)
	at com.redhat.quarkus.services.QuarkusLanguageService.doComplete(QuarkusLanguageService.java:83)
	at com.redhat.quarkus.ls.QuarkusTextDocumentService.lambda$null$1(QuarkusTextDocumentService.java:144)
	at java.base/java.util.concurrent.CompletableFuture.biApply(CompletableFuture.java:1236)
	at java.base/java.util.concurrent.CompletableFuture$BiApply.tryFire(CompletableFuture.java:1205)
	at java.base/java.util.concurrent.CompletableFuture$Completion.exec(CompletableFuture.java:479)
	at java.base/java.util.concurrent.ForkJoinTask.doExec(ForkJoinTask.java:290)
	at java.base/java.util.concurrent.ForkJoinPool$WorkQueue.topLevelExec(ForkJoinPool.java:1020)
	at java.base/java.util.concurrent.ForkJoinPool.scan(ForkJoinPool.java:1656)
	at java.base/java.util.concurrent.ForkJoinPool.runWorker(ForkJoinPool.java:1594)
	at java.base/java.util.concurrent.ForkJoinWorkerThread.run(ForkJoinWorkerThread.java:177)

Jun 05, 2020 2:07:58 PM com.redhat.quarkus.services.QuarkusCompletions doComplete
SEVERE: In QuarkusCompletion, position error
com.redhat.quarkus.ls.commons.BadLocationException
	at com.redhat.quarkus.ls.commons.TreeLineTracker.fail(TreeLineTracker.java:1072)
	at com.redhat.quarkus.ls.commons.TreeLineTracker.getLineInformation(TreeLineTracker.java:1257)
	at com.redhat.quarkus.ls.commons.TreeLineTracker.getOffsetAt(TreeLineTracker.java:1186)
	at com.redhat.quarkus.ls.commons.TextDocument.offsetAt(TextDocument.java:76)
	at com.redhat.quarkus.model.PropertiesModel.offsetAt(PropertiesModel.java:168)
	at com.redhat.quarkus.services.QuarkusCompletions.doComplete(QuarkusCompletions.java:76)
	at com.redhat.quarkus.services.QuarkusLanguageService.doComplete(QuarkusLanguageService.java:83)
	at com.redhat.quarkus.ls.QuarkusTextDocumentService.lambda$null$1(QuarkusTextDocumentService.java:144)
	at java.base/java.util.concurrent.CompletableFuture.biApply(CompletableFuture.java:1236)
	at java.base/java.util.concurrent.CompletableFuture$BiApply.tryFire(CompletableFuture.java:1205)
	at java.base/java.util.concurrent.CompletableFuture$Completion.exec(CompletableFuture.java:479)
	at java.base/java.util.concurrent.ForkJoinTask.doExec(ForkJoinTask.java:290)
	at java.base/java.util.concurrent.ForkJoinPool$WorkQueue.topLevelExec(ForkJoinPool.java:1020)
	at java.base/java.util.concurrent.ForkJoinPool.scan(ForkJoinPool.java:1656)
	at java.base/java.util.concurrent.ForkJoinPool.runWorker(ForkJoinPool.java:1594)
	at java.base/java.util.concurrent.ForkJoinWorkerThread.run(ForkJoinWorkerThread.java:177)

Jun 05, 2020 2:07:58 PM com.redhat.quarkus.services.QuarkusCompletions doComplete
SEVERE: In QuarkusCompletion, position error
com.redhat.quarkus.ls.commons.BadLocationException
	at com.redhat.quarkus.ls.commons.TreeLineTracker.fail(TreeLineTracker.java:1072)
	at com.redhat.quarkus.ls.commons.TreeLineTracker.getLineInformation(TreeLineTracker.java:1257)
	at com.redhat.quarkus.ls.commons.TreeLineTracker.getOffsetAt(TreeLineTracker.java:1186)
	at com.redhat.quarkus.ls.commons.TextDocument.offsetAt(TextDocument.java:76)
	at com.redhat.quarkus.model.PropertiesModel.offsetAt(PropertiesModel.java:168)
	at com.redhat.quarkus.services.QuarkusCompletions.doComplete(QuarkusCompletions.java:76)
	at com.redhat.quarkus.services.QuarkusLanguageService.doComplete(QuarkusLanguageService.java:83)
	at com.redhat.quarkus.ls.QuarkusTextDocumentService.lambda$null$1(QuarkusTextDocumentService.java:144)
	at java.base/java.util.concurrent.CompletableFuture.biApply(CompletableFuture.java:1236)
	at java.base/java.util.concurrent.CompletableFuture$BiApply.tryFire(CompletableFuture.java:1205)
	at java.base/java.util.concurrent.CompletableFuture$Completion.exec(CompletableFuture.java:479)
	at java.base/java.util.concurrent.ForkJoinTask.doExec(ForkJoinTask.java:290)
	at java.base/java.util.concurrent.ForkJoinPool$WorkQueue.topLevelExec(ForkJoinPool.java:1020)
	at java.base/java.util.concurrent.ForkJoinPool.scan(ForkJoinPool.java:1656)
	at java.base/java.util.concurrent.ForkJoinPool.runWorker(ForkJoinPool.java:1594)
	at java.base/java.util.concurrent.ForkJoinWorkerThread.run(ForkJoinWorkerThread.java:177)

Jun 05, 2020 2:07:58 PM com.redhat.quarkus.services.QuarkusCompletions doComplete
SEVERE: In QuarkusCompletion, position error
com.redhat.quarkus.ls.commons.BadLocationException
	at com.redhat.quarkus.ls.commons.TreeLineTracker.fail(TreeLineTracker.java:1072)
	at com.redhat.quarkus.ls.commons.TreeLineTracker.getLineInformation(TreeLineTracker.java:1257)
	at com.redhat.quarkus.ls.commons.TreeLineTracker.getOffsetAt(TreeLineTracker.java:1186)
	at com.redhat.quarkus.ls.commons.TextDocument.offsetAt(TextDocument.java:76)
	at com.redhat.quarkus.model.PropertiesModel.offsetAt(PropertiesModel.java:168)
	at com.redhat.quarkus.services.QuarkusCompletions.doComplete(QuarkusCompletions.java:76)
	at com.redhat.quarkus.services.QuarkusLanguageService.doComplete(QuarkusLanguageService.java:83)
	at com.redhat.quarkus.ls.QuarkusTextDocumentService.lambda$null$1(QuarkusTextDocumentService.java:144)
	at java.base/java.util.concurrent.CompletableFuture.biApply(CompletableFuture.java:1236)
	at java.base/java.util.concurrent.CompletableFuture$BiApply.tryFire(CompletableFuture.java:1205)
	at java.base/java.util.concurrent.CompletableFuture$Completion.exec(CompletableFuture.java:479)
	at java.base/java.util.concurrent.ForkJoinTask.doExec(ForkJoinTask.java:290)
	at java.base/java.util.concurrent.ForkJoinPool$WorkQueue.topLevelExec(ForkJoinPool.java:1020)
	at java.base/java.util.concurrent.ForkJoinPool.scan(ForkJoinPool.java:1656)
	at java.base/java.util.concurrent.ForkJoinPool.runWorker(ForkJoinPool.java:1594)
	at java.base/java.util.concurrent.ForkJoinWorkerThread.run(ForkJoinWorkerThread.java:177)

Jun 05, 2020 2:07:58 PM com.redhat.quarkus.services.QuarkusCompletions doComplete
SEVERE: In QuarkusCompletion, position error
com.redhat.quarkus.ls.commons.BadLocationException
	at com.redhat.quarkus.ls.commons.TreeLineTracker.fail(TreeLineTracker.java:1072)
	at com.redhat.quarkus.ls.commons.TreeLineTracker.getLineInformation(TreeLineTracker.java:1257)
	at com.redhat.quarkus.ls.commons.TreeLineTracker.getOffsetAt(TreeLineTracker.java:1186)
	at com.redhat.quarkus.ls.commons.TextDocument.offsetAt(TextDocument.java:76)
	at com.redhat.quarkus.model.PropertiesModel.offsetAt(PropertiesModel.java:168)
	at com.redhat.quarkus.services.QuarkusCompletions.doComplete(QuarkusCompletions.java:76)
	at com.redhat.quarkus.services.QuarkusLanguageService.doComplete(QuarkusLanguageService.java:83)
	at com.redhat.quarkus.ls.QuarkusTextDocumentService.lambda$null$1(QuarkusTextDocumentService.java:144)
	at java.base/java.util.concurrent.CompletableFuture.biApply(CompletableFuture.java:1236)
	at java.base/java.util.concurrent.CompletableFuture$BiApply.tryFire(CompletableFuture.java:1205)
	at java.base/java.util.concurrent.CompletableFuture$Completion.exec(CompletableFuture.java:479)
	at java.base/java.util.concurrent.ForkJoinTask.doExec(ForkJoinTask.java:290)
	at java.base/java.util.concurrent.ForkJoinPool$WorkQueue.topLevelExec(ForkJoinPool.java:1020)
	at java.base/java.util.concurrent.ForkJoinPool.scan(ForkJoinPool.java:1656)
	at java.base/java.util.concurrent.ForkJoinPool.runWorker(ForkJoinPool.java:1594)
	at java.base/java.util.concurrent.ForkJoinWorkerThread.run(ForkJoinWorkerThread.java:177)

Jun 05, 2020 2:07:58 PM com.redhat.quarkus.services.QuarkusCompletions doComplete
SEVERE: In QuarkusCompletion, position error
com.redhat.quarkus.ls.commons.BadLocationException
	at com.redhat.quarkus.ls.commons.TreeLineTracker.fail(TreeLineTracker.java:1072)
	at com.redhat.quarkus.ls.commons.TreeLineTracker.getLineInformation(TreeLineTracker.java:1257)
	at com.redhat.quarkus.ls.commons.TreeLineTracker.getOffsetAt(TreeLineTracker.java:1186)
	at com.redhat.quarkus.ls.commons.TextDocument.offsetAt(TextDocument.java:76)
	at com.redhat.quarkus.model.PropertiesModel.offsetAt(PropertiesModel.java:168)
	at com.redhat.quarkus.services.QuarkusCompletions.doComplete(QuarkusCompletions.java:76)
	at com.redhat.quarkus.services.QuarkusLanguageService.doComplete(QuarkusLanguageService.java:83)
	at com.redhat.quarkus.ls.QuarkusTextDocumentService.lambda$null$1(QuarkusTextDocumentService.java:144)
	at java.base/java.util.concurrent.CompletableFuture.biApply(CompletableFuture.java:1236)
	at java.base/java.util.concurrent.CompletableFuture$BiApply.tryFire(CompletableFuture.java:1205)
	at java.base/java.util.concurrent.CompletableFuture$Completion.exec(CompletableFuture.java:479)
	at java.base/java.util.concurrent.ForkJoinTask.doExec(ForkJoinTask.java:290)
	at java.base/java.util.concurrent.ForkJoinPool$WorkQueue.topLevelExec(ForkJoinPool.java:1020)
	at java.base/java.util.concurrent.ForkJoinPool.scan(ForkJoinPool.java:1656)
	at java.base/java.util.concurrent.ForkJoinPool.runWorker(ForkJoinPool.java:1594)
	at java.base/java.util.concurrent.ForkJoinWorkerThread.run(ForkJoinWorkerThread.java:177)

Jun 05, 2020 2:07:58 PM com.redhat.quarkus.services.QuarkusCompletions doComplete
SEVERE: In QuarkusCompletion, position error
com.redhat.quarkus.ls.commons.BadLocationException
	at com.redhat.quarkus.ls.commons.TreeLineTracker.fail(TreeLineTracker.java:1072)
	at com.redhat.quarkus.ls.commons.TreeLineTracker.getLineInformation(TreeLineTracker.java:1257)
	at com.redhat.quarkus.ls.commons.TreeLineTracker.getOffsetAt(TreeLineTracker.java:1186)
	at com.redhat.quarkus.ls.commons.TextDocument.offsetAt(TextDocument.java:76)
	at com.redhat.quarkus.model.PropertiesModel.offsetAt(PropertiesModel.java:168)
	at com.redhat.quarkus.services.QuarkusCompletions.doComplete(QuarkusCompletions.java:76)
	at com.redhat.quarkus.services.QuarkusLanguageService.doComplete(QuarkusLanguageService.java:83)
	at com.redhat.quarkus.ls.QuarkusTextDocumentService.lambda$null$1(QuarkusTextDocumentService.java:144)
	at java.base/java.util.concurrent.CompletableFuture.biApply(CompletableFuture.java:1236)
	at java.base/java.util.concurrent.CompletableFuture$BiApply.tryFire(CompletableFuture.java:1205)
	at java.base/java.util.concurrent.CompletableFuture$Completion.exec(CompletableFuture.java:479)
	at java.base/java.util.concurrent.ForkJoinTask.doExec(ForkJoinTask.java:290)
	at java.base/java.util.concurrent.ForkJoinPool$WorkQueue.topLevelExec(ForkJoinPool.java:1020)
	at java.base/java.util.concurrent.ForkJoinPool.scan(ForkJoinPool.java:1656)
	at java.base/java.util.concurrent.ForkJoinPool.runWorker(ForkJoinPool.java:1594)
	at java.base/java.util.concurrent.ForkJoinWorkerThread.run(ForkJoinWorkerThread.java:177)

Jun 05, 2020 2:07:58 PM com.redhat.quarkus.services.QuarkusCompletions doComplete
SEVERE: In QuarkusCompletion, position error
com.redhat.quarkus.ls.commons.BadLocationException
	at com.redhat.quarkus.ls.commons.TreeLineTracker.fail(TreeLineTracker.java:1072)
	at com.redhat.quarkus.ls.commons.TreeLineTracker.getLineInformation(TreeLineTracker.java:1257)
	at com.redhat.quarkus.ls.commons.TreeLineTracker.getOffsetAt(TreeLineTracker.java:1186)
	at com.redhat.quarkus.ls.commons.TextDocument.offsetAt(TextDocument.java:76)
	at com.redhat.quarkus.model.PropertiesModel.offsetAt(PropertiesModel.java:168)
	at com.redhat.quarkus.services.QuarkusCompletions.doComplete(QuarkusCompletions.java:76)
	at com.redhat.quarkus.services.QuarkusLanguageService.doComplete(QuarkusLanguageService.java:83)
	at com.redhat.quarkus.ls.QuarkusTextDocumentService.lambda$null$1(QuarkusTextDocumentService.java:144)
	at java.base/java.util.concurrent.CompletableFuture.biApply(CompletableFuture.java:1236)
	at java.base/java.util.concurrent.CompletableFuture$BiApply.tryFire(CompletableFuture.java:1205)
	at java.base/java.util.concurrent.CompletableFuture$Completion.exec(CompletableFuture.java:479)
	at java.base/java.util.concurrent.ForkJoinTask.doExec(ForkJoinTask.java:290)
	at java.base/java.util.concurrent.ForkJoinPool$WorkQueue.topLevelExec(ForkJoinPool.java:1020)
	at java.base/java.util.concurrent.ForkJoinPool.scan(ForkJoinPool.java:1656)
	at java.base/java.util.concurrent.ForkJoinPool.runWorker(ForkJoinPool.java:1594)
	at java.base/java.util.concurrent.ForkJoinWorkerThread.run(ForkJoinWorkerThread.java:177)

Jun 05, 2020 2:07:58 PM com.redhat.quarkus.services.QuarkusCompletions doComplete
SEVERE: In QuarkusCompletion, position error
com.redhat.quarkus.ls.commons.BadLocationException
	at com.redhat.quarkus.ls.commons.TreeLineTracker.fail(TreeLineTracker.java:1072)
	at com.redhat.quarkus.ls.commons.TreeLineTracker.getLineInformation(TreeLineTracker.java:1257)
	at com.redhat.quarkus.ls.commons.TreeLineTracker.getOffsetAt(TreeLineTracker.java:1186)
	at com.redhat.quarkus.ls.commons.TextDocument.offsetAt(TextDocument.java:76)
	at com.redhat.quarkus.model.PropertiesModel.offsetAt(PropertiesModel.java:168)
	at com.redhat.quarkus.services.QuarkusCompletions.doComplete(QuarkusCompletions.java:76)
	at com.redhat.quarkus.services.QuarkusLanguageService.doComplete(QuarkusLanguageService.java:83)
	at com.redhat.quarkus.ls.QuarkusTextDocumentService.lambda$null$1(QuarkusTextDocumentService.java:144)
	at java.base/java.util.concurrent.CompletableFuture.biApply(CompletableFuture.java:1236)
	at java.base/java.util.concurrent.CompletableFuture$BiApply.tryFire(CompletableFuture.java:1205)
	at java.base/java.util.concurrent.CompletableFuture$Completion.exec(CompletableFuture.java:479)
	at java.base/java.util.concurrent.ForkJoinTask.doExec(ForkJoinTask.java:290)
	at java.base/java.util.concurrent.ForkJoinPool$WorkQueue.topLevelExec(ForkJoinPool.java:1020)
	at java.base/java.util.concurrent.ForkJoinPool.scan(ForkJoinPool.java:1656)
	at java.base/java.util.concurrent.ForkJoinPool.runWorker(ForkJoinPool.java:1594)
	at java.base/java.util.concurrent.ForkJoinWorkerThread.run(ForkJoinWorkerThread.java:177)

Jun 05, 2020 2:07:58 PM com.redhat.quarkus.services.QuarkusCompletions doComplete
SEVERE: In QuarkusCompletion, position error
com.redhat.quarkus.ls.commons.BadLocationException
	at com.redhat.quarkus.ls.commons.TreeLineTracker.fail(TreeLineTracker.java:1072)
	at com.redhat.quarkus.ls.commons.TreeLineTracker.getLineInformation(TreeLineTracker.java:1257)
	at com.redhat.quarkus.ls.commons.TreeLineTracker.getOffsetAt(TreeLineTracker.java:1186)
	at com.redhat.quarkus.ls.commons.TextDocument.offsetAt(TextDocument.java:76)
	at com.redhat.quarkus.model.PropertiesModel.offsetAt(PropertiesModel.java:168)
	at com.redhat.quarkus.services.QuarkusCompletions.doComplete(QuarkusCompletions.java:76)
	at com.redhat.quarkus.services.QuarkusLanguageService.doComplete(QuarkusLanguageService.java:83)
	at com.redhat.quarkus.ls.QuarkusTextDocumentService.lambda$null$1(QuarkusTextDocumentService.java:144)
	at java.base/java.util.concurrent.CompletableFuture.biApply(CompletableFuture.java:1236)
	at java.base/java.util.concurrent.CompletableFuture$BiApply.tryFire(CompletableFuture.java:1205)
	at java.base/java.util.concurrent.CompletableFuture$Completion.exec(CompletableFuture.java:479)
	at java.base/java.util.concurrent.ForkJoinTask.doExec(ForkJoinTask.java:290)
	at java.base/java.util.concurrent.ForkJoinPool$WorkQueue.topLevelExec(ForkJoinPool.java:1020)
	at java.base/java.util.concurrent.ForkJoinPool.scan(ForkJoinPool.java:1656)
	at java.base/java.util.concurrent.ForkJoinPool.runWorker(ForkJoinPool.java:1594)
	at java.base/java.util.concurrent.ForkJoinWorkerThread.run(ForkJoinWorkerThread.java:177)

Jun 05, 2020 2:16:47 PM com.redhat.quarkus.services.QuarkusHover doHover
SEVERE: In QuarkusHover, position error
com.redhat.quarkus.ls.commons.BadLocationException
	at com.redhat.quarkus.ls.commons.TreeLineTracker.fail(TreeLineTracker.java:1072)
	at com.redhat.quarkus.ls.commons.TreeLineTracker.getLineInformation(TreeLineTracker.java:1257)
	at com.redhat.quarkus.ls.commons.TreeLineTracker.getOffsetAt(TreeLineTracker.java:1186)
	at com.redhat.quarkus.ls.commons.TextDocument.offsetAt(TextDocument.java:76)
	at com.redhat.quarkus.model.Node.findNodeAt(Node.java:202)
	at com.redhat.quarkus.services.QuarkusHover.doHover(QuarkusHover.java:59)
	at com.redhat.quarkus.services.QuarkusLanguageService.doHover(QuarkusLanguageService.java:98)
	at com.redhat.quarkus.ls.QuarkusTextDocumentService.lambda$null$3(QuarkusTextDocumentService.java:164)
	at java.base/java.util.concurrent.CompletableFuture.biApply(CompletableFuture.java:1236)
	at java.base/java.util.concurrent.CompletableFuture$BiApply.tryFire(CompletableFuture.java:1205)
	at java.base/java.util.concurrent.CompletableFuture$Completion.exec(CompletableFuture.java:479)
	at java.base/java.util.concurrent.ForkJoinTask.doExec(ForkJoinTask.java:290)
	at java.base/java.util.concurrent.ForkJoinPool$WorkQueue.topLevelExec(ForkJoinPool.java:1020)
	at java.base/java.util.concurrent.ForkJoinPool.scan(ForkJoinPool.java:1656)
	at java.base/java.util.concurrent.ForkJoinPool.runWorker(ForkJoinPool.java:1594)
	at java.base/java.util.concurrent.ForkJoinWorkerThread.run(ForkJoinWorkerThread.java:177)

Jun 05, 2020 2:16:47 PM com.redhat.quarkus.services.QuarkusHover doHover
SEVERE: In QuarkusHover, position error
com.redhat.quarkus.ls.commons.BadLocationException
	at com.redhat.quarkus.ls.commons.TreeLineTracker.fail(TreeLineTracker.java:1072)
	at com.redhat.quarkus.ls.commons.TreeLineTracker.getLineInformation(TreeLineTracker.java:1257)
	at com.redhat.quarkus.ls.commons.TreeLineTracker.getOffsetAt(TreeLineTracker.java:1186)
	at com.redhat.quarkus.ls.commons.TextDocument.offsetAt(TextDocument.java:76)
	at com.redhat.quarkus.model.Node.findNodeAt(Node.java:202)
	at com.redhat.quarkus.services.QuarkusHover.doHover(QuarkusHover.java:59)
	at com.redhat.quarkus.services.QuarkusLanguageService.doHover(QuarkusLanguageService.java:98)
	at com.redhat.quarkus.ls.QuarkusTextDocumentService.lambda$null$3(QuarkusTextDocumentService.java:164)
	at java.base/java.util.concurrent.CompletableFuture.biApply(CompletableFuture.java:1236)
	at java.base/java.util.concurrent.CompletableFuture$BiApply.tryFire(CompletableFuture.java:1205)
	at java.base/java.util.concurrent.CompletableFuture$Completion.exec(CompletableFuture.java:479)
	at java.base/java.util.concurrent.ForkJoinTask.doExec(ForkJoinTask.java:290)
	at java.base/java.util.concurrent.ForkJoinPool$WorkQueue.topLevelExec(ForkJoinPool.java:1020)
	at java.base/java.util.concurrent.ForkJoinPool.scan(ForkJoinPool.java:1656)
	at java.base/java.util.concurrent.ForkJoinPool.runWorker(ForkJoinPool.java:1594)
	at java.base/java.util.concurrent.ForkJoinWorkerThread.run(ForkJoinWorkerThread.java:177)

Jun 05, 2020 2:16:47 PM com.redhat.quarkus.services.QuarkusHover doHover
SEVERE: In QuarkusHover, position error
com.redhat.quarkus.ls.commons.BadLocationException
	at com.redhat.quarkus.ls.commons.TreeLineTracker.fail(TreeLineTracker.java:1072)
	at com.redhat.quarkus.ls.commons.TreeLineTracker.getLineInformation(TreeLineTracker.java:1257)
	at com.redhat.quarkus.ls.commons.TreeLineTracker.getOffsetAt(TreeLineTracker.java:1186)
	at com.redhat.quarkus.ls.commons.TextDocument.offsetAt(TextDocument.java:76)
	at com.redhat.quarkus.model.Node.findNodeAt(Node.java:202)
	at com.redhat.quarkus.services.QuarkusHover.doHover(QuarkusHover.java:59)
	at com.redhat.quarkus.services.QuarkusLanguageService.doHover(QuarkusLanguageService.java:98)
	at com.redhat.quarkus.ls.QuarkusTextDocumentService.lambda$null$3(QuarkusTextDocumentService.java:164)
	at java.base/java.util.concurrent.CompletableFuture.biApply(CompletableFuture.java:1236)
	at java.base/java.util.concurrent.CompletableFuture$BiApply.tryFire(CompletableFuture.java:1205)
	at java.base/java.util.concurrent.CompletableFuture$Completion.exec(CompletableFuture.java:479)
	at java.base/java.util.concurrent.ForkJoinTask.doExec(ForkJoinTask.java:290)
	at java.base/java.util.concurrent.ForkJoinPool$WorkQueue.topLevelExec(ForkJoinPool.java:1020)
	at java.base/java.util.concurrent.ForkJoinPool.scan(ForkJoinPool.java:1656)
	at java.base/java.util.concurrent.ForkJoinPool.runWorker(ForkJoinPool.java:1594)
	at java.base/java.util.concurrent.ForkJoinWorkerThread.run(ForkJoinWorkerThread.java:177)

Jun 05, 2020 2:16:48 PM com.redhat.quarkus.services.QuarkusHover doHover
SEVERE: In QuarkusHover, position error
com.redhat.quarkus.ls.commons.BadLocationException
	at com.redhat.quarkus.ls.commons.TreeLineTracker.fail(TreeLineTracker.java:1072)
	at com.redhat.quarkus.ls.commons.TreeLineTracker.getLineInformation(TreeLineTracker.java:1257)
	at com.redhat.quarkus.ls.commons.TreeLineTracker.getOffsetAt(TreeLineTracker.java:1186)
	at com.redhat.quarkus.ls.commons.TextDocument.offsetAt(TextDocument.java:76)
	at com.redhat.quarkus.model.Node.findNodeAt(Node.java:202)
	at com.redhat.quarkus.services.QuarkusHover.doHover(QuarkusHover.java:59)
	at com.redhat.quarkus.services.QuarkusLanguageService.doHover(QuarkusLanguageService.java:98)
	at com.redhat.quarkus.ls.QuarkusTextDocumentService.lambda$null$3(QuarkusTextDocumentService.java:164)
	at java.base/java.util.concurrent.CompletableFuture.biApply(CompletableFuture.java:1236)
	at java.base/java.util.concurrent.CompletableFuture$BiApply.tryFire(CompletableFuture.java:1205)
	at java.base/java.util.concurrent.CompletableFuture$Completion.exec(CompletableFuture.java:479)
	at java.base/java.util.concurrent.ForkJoinTask.doExec(ForkJoinTask.java:290)
	at java.base/java.util.concurrent.ForkJoinPool$WorkQueue.topLevelExec(ForkJoinPool.java:1020)
	at java.base/java.util.concurrent.ForkJoinPool.scan(ForkJoinPool.java:1656)
	at java.base/java.util.concurrent.ForkJoinPool.runWorker(ForkJoinPool.java:1594)
	at java.base/java.util.concurrent.ForkJoinWorkerThread.run(ForkJoinWorkerThread.java:177)

Jun 05, 2020 2:16:49 PM com.redhat.quarkus.services.QuarkusHover doHover
SEVERE: In QuarkusHover, position error
com.redhat.quarkus.ls.commons.BadLocationException: The character value, {23} of the line4}, is out of bounds.
	at com.redhat.quarkus.ls.commons.TreeLineTracker.getOffsetAt(TreeLineTracker.java:1214)
	at com.redhat.quarkus.ls.commons.TextDocument.offsetAt(TextDocument.java:76)
	at com.redhat.quarkus.model.Node.findNodeAt(Node.java:202)
	at com.redhat.quarkus.services.QuarkusHover.doHover(QuarkusHover.java:59)
	at com.redhat.quarkus.services.QuarkusLanguageService.doHover(QuarkusLanguageService.java:98)
	at com.redhat.quarkus.ls.QuarkusTextDocumentService.lambda$null$3(QuarkusTextDocumentService.java:164)
	at java.base/java.util.concurrent.CompletableFuture.biApply(CompletableFuture.java:1236)
	at java.base/java.util.concurrent.CompletableFuture$BiApply.tryFire(CompletableFuture.java:1205)
	at java.base/java.util.concurrent.CompletableFuture$Completion.exec(CompletableFuture.java:479)
	at java.base/java.util.concurrent.ForkJoinTask.doExec(ForkJoinTask.java:290)
	at java.base/java.util.concurrent.ForkJoinPool$WorkQueue.topLevelExec(ForkJoinPool.java:1020)
	at java.base/java.util.concurrent.ForkJoinPool.scan(ForkJoinPool.java:1656)
	at java.base/java.util.concurrent.ForkJoinPool.runWorker(ForkJoinPool.java:1594)
	at java.base/java.util.concurrent.ForkJoinWorkerThread.run(ForkJoinWorkerThread.java:177)

Jun 05, 2020 2:16:54 PM com.redhat.quarkus.services.QuarkusHover doHover
SEVERE: In QuarkusHover, position error
com.redhat.quarkus.ls.commons.BadLocationException
	at com.redhat.quarkus.ls.commons.TreeLineTracker.fail(TreeLineTracker.java:1072)
	at com.redhat.quarkus.ls.commons.TreeLineTracker.getLineInformation(TreeLineTracker.java:1257)
	at com.redhat.quarkus.ls.commons.TreeLineTracker.getOffsetAt(TreeLineTracker.java:1186)
	at com.redhat.quarkus.ls.commons.TextDocument.offsetAt(TextDocument.java:76)
	at com.redhat.quarkus.model.Node.findNodeAt(Node.java:202)
	at com.redhat.quarkus.services.QuarkusHover.doHover(QuarkusHover.java:59)
	at com.redhat.quarkus.services.QuarkusLanguageService.doHover(QuarkusLanguageService.java:98)
	at com.redhat.quarkus.ls.QuarkusTextDocumentService.lambda$null$3(QuarkusTextDocumentService.java:164)
	at java.base/java.util.concurrent.CompletableFuture.biApply(CompletableFuture.java:1236)
	at java.base/java.util.concurrent.CompletableFuture$BiApply.tryFire(CompletableFuture.java:1205)
	at java.base/java.util.concurrent.CompletableFuture$Completion.exec(CompletableFuture.java:479)
	at java.base/java.util.concurrent.ForkJoinTask.doExec(ForkJoinTask.java:290)
	at java.base/java.util.concurrent.ForkJoinPool$WorkQueue.topLevelExec(ForkJoinPool.java:1020)
	at java.base/java.util.concurrent.ForkJoinPool.scan(ForkJoinPool.java:1656)
	at java.base/java.util.concurrent.ForkJoinPool.runWorker(ForkJoinPool.java:1594)
	at java.base/java.util.concurrent.ForkJoinWorkerThread.run(ForkJoinWorkerThread.java:177)

Jun 05, 2020 2:16:54 PM com.redhat.quarkus.services.QuarkusHover doHover
SEVERE: In QuarkusHover, position error
com.redhat.quarkus.ls.commons.BadLocationException
	at com.redhat.quarkus.ls.commons.TreeLineTracker.fail(TreeLineTracker.java:1072)
	at com.redhat.quarkus.ls.commons.TreeLineTracker.getLineInformation(TreeLineTracker.java:1257)
	at com.redhat.quarkus.ls.commons.TreeLineTracker.getOffsetAt(TreeLineTracker.java:1186)
	at com.redhat.quarkus.ls.commons.TextDocument.offsetAt(TextDocument.java:76)
	at com.redhat.quarkus.model.Node.findNodeAt(Node.java:202)
	at com.redhat.quarkus.services.QuarkusHover.doHover(QuarkusHover.java:59)
	at com.redhat.quarkus.services.QuarkusLanguageService.doHover(QuarkusLanguageService.java:98)
	at com.redhat.quarkus.ls.QuarkusTextDocumentService.lambda$null$3(QuarkusTextDocumentService.java:164)
	at java.base/java.util.concurrent.CompletableFuture.biApply(CompletableFuture.java:1236)
	at java.base/java.util.concurrent.CompletableFuture$BiApply.tryFire(CompletableFuture.java:1205)
	at java.base/java.util.concurrent.CompletableFuture$Completion.exec(CompletableFuture.java:479)
	at java.base/java.util.concurrent.ForkJoinTask.doExec(ForkJoinTask.java:290)
	at java.base/java.util.concurrent.ForkJoinPool$WorkQueue.topLevelExec(ForkJoinPool.java:1020)
	at java.base/java.util.concurrent.ForkJoinPool.scan(ForkJoinPool.java:1656)
	at java.base/java.util.concurrent.ForkJoinPool.runWorker(ForkJoinPool.java:1594)
	at java.base/java.util.concurrent.ForkJoinWorkerThread.run(ForkJoinWorkerThread.java:177)

Jun 05, 2020 2:17:07 PM com.redhat.quarkus.services.QuarkusHover doHover
SEVERE: In QuarkusHover, position error
com.redhat.quarkus.ls.commons.BadLocationException
	at com.redhat.quarkus.ls.commons.TreeLineTracker.fail(TreeLineTracker.java:1072)
	at com.redhat.quarkus.ls.commons.TreeLineTracker.getLineInformation(TreeLineTracker.java:1257)
	at com.redhat.quarkus.ls.commons.TreeLineTracker.getOffsetAt(TreeLineTracker.java:1186)
	at com.redhat.quarkus.ls.commons.TextDocument.offsetAt(TextDocument.java:76)
	at com.redhat.quarkus.model.Node.findNodeAt(Node.java:202)
	at com.redhat.quarkus.services.QuarkusHover.doHover(QuarkusHover.java:59)
	at com.redhat.quarkus.services.QuarkusLanguageService.doHover(QuarkusLanguageService.java:98)
	at com.redhat.quarkus.ls.QuarkusTextDocumentService.lambda$null$3(QuarkusTextDocumentService.java:164)
	at java.base/java.util.concurrent.CompletableFuture.biApply(CompletableFuture.java:1236)
	at java.base/java.util.concurrent.CompletableFuture$BiApply.tryFire(CompletableFuture.java:1205)
	at java.base/java.util.concurrent.CompletableFuture$Completion.exec(CompletableFuture.java:479)
	at java.base/java.util.concurrent.ForkJoinTask.doExec(ForkJoinTask.java:290)
	at java.base/java.util.concurrent.ForkJoinPool$WorkQueue.topLevelExec(ForkJoinPool.java:1020)
	at java.base/java.util.concurrent.ForkJoinPool.scan(ForkJoinPool.java:1656)
	at java.base/java.util.concurrent.ForkJoinPool.runWorker(ForkJoinPool.java:1594)
	at java.base/java.util.concurrent.ForkJoinWorkerThread.run(ForkJoinWorkerThread.java:177)

Jun 05, 2020 5:02:18 PM com.redhat.quarkus.ls.QuarkusLanguageServer initialize
INFO: Initializing Quarkus server 0.0.4-20191120-1547 with /Applications/IntelliJ IDEA.app/Contents/jbr/Contents/Home
Jun 05, 2020 5:05:38 PM com.redhat.quarkus.ls.QuarkusLanguageServer initialize
INFO: Initializing Quarkus server 0.0.4-20191120-1547 with /Applications/IntelliJ IDEA.app/Contents/jbr/Contents/Home
